<?xml version="1.0" encoding="UTF-8"?>
<!-- Generated by org.testng.reporters.JUnitReportReporter -->
<testsuite hostname="Anees-PC" failures="0" tests="7" name="com.in.testcases.AccountTest" time="30.283" errors="0" timestamp="2023-04-19T14:47:45 MYT" skipped="0">
  <testcase classname="com.in.testcases.AccountTest" name="currentBalance" time="4.321"/>
  <system-out/>
  <testcase classname="com.in.testcases.AccountTest" name="currentBalance" time="4.300"/>
  <system-out/>
  <testcase classname="com.in.testcases.AccountTest" name="currentBalance" time="4.341"/>
  <system-out/>
  <testcase classname="com.in.testcases.AccountTest" name="currentBalance" time="4.310"/>
  <system-out/>
  <testcase classname="com.in.testcases.AccountTest" name="currentBalance" time="4.329"/>
  <system-out/>
  <testcase classname="com.in.testcases.AccountTest" name="currentBalance" time="4.380"/>
  <system-out/>
  <testcase classname="com.in.testcases.AccountTest" name="currentBalance" time="4.302"/>
  <system-out/>
</testsuite> <!-- com.in.testcases.AccountTest -->
