<?xml version="1.0" encoding="UTF-8"?>
<!-- Generated by org.testng.reporters.JUnitReportReporter -->
<testsuite hostname="Anees-PC" failures="0" tests="9" name="com.in.testcases.AddCustomerTest" time="7.279" errors="0" timestamp="2023-04-19T14:47:45 MYT" skipped="0">
  <testcase classname="com.in.testcases.AddCustomerTest" name="addCustomer" time="0.763"/>
  <system-out/>
  <testcase classname="com.in.testcases.AddCustomerTest" name="addCustomer" time="0.990"/>
  <system-out/>
  <testcase classname="com.in.testcases.AddCustomerTest" name="addCustomer" time="0.765"/>
  <system-out/>
  <testcase classname="com.in.testcases.AddCustomerTest" name="addCustomer" time="0.786"/>
  <system-out/>
  <testcase classname="com.in.testcases.AddCustomerTest" name="addCustomer" time="0.739"/>
  <system-out/>
  <testcase classname="com.in.testcases.AddCustomerTest" name="addCustomer" time="1.620"/>
  <system-out/>
  <testcase classname="com.in.testcases.AddCustomerTest" name="addCustomer" time="0.892"/>
  <system-out/>
  <testcase classname="com.in.testcases.AddCustomerTest" name="deleteCustomer" time="0.438"/>
  <system-out/>
  <testcase classname="com.in.testcases.AddCustomerTest" name="deleteCustomer" time="0.286"/>
  <system-out/>
</testsuite> <!-- com.in.testcases.AddCustomerTest -->
